[uWSGI] parsing config file /home/mohax/my_app/uwsgi.xml
open("./python_plugin.so"): No such file or directory [core/utils.c line 3675]
!!! UNABLE to load uWSGI plugin: ./python_plugin.so: cannot open shared object file: No such file or directory !!!
*** Starting uWSGI 2.0.11.2 (64bit) on [Tue Dec 29 21:20:14 2015] ***
compiled with version: 4.8.4 on 29 December 2015 20:48:41
os: Linux-3.19.0-25-generic #26~14.04.1-Ubuntu SMP Fri Jul 24 21:16:20 UTC 2015
nodename: nginx2
machine: x86_64
clock source: unix
detected number of CPU cores: 1
current working directory: /home/mohax/my_app
detected binary path: /usr/local/bin/uwsgi
!!! no internal routing support, rebuild with pcre support !!!
your processes number limit is 1872
your memory page size is 4096 bytes
 *** WARNING: you have enabled harakiri without post buffering. Slow upload could be rejected on post-unbuffered webservers *** 
detected max file descriptor number: 1024
lock engine: pthread robust mutexes
thunder lock: disabled (you can enable it with --thunder-lock)
bind(): Permission denied [core/socket.c line 230]
[uWSGI] parsing config file /home/mohax/my_app/uwsgi.xml
open("./python_plugin.so"): No such file or directory [core/utils.c line 3675]
!!! UNABLE to load uWSGI plugin: ./python_plugin.so: cannot open shared object file: No such file or directory !!!
*** Starting uWSGI 2.0.11.2 (64bit) on [Tue Dec 29 21:20:15 2015] ***
compiled with version: 4.8.4 on 29 December 2015 20:48:41
os: Linux-3.19.0-25-generic #26~14.04.1-Ubuntu SMP Fri Jul 24 21:16:20 UTC 2015
nodename: nginx2
machine: x86_64
clock source: unix
detected number of CPU cores: 1
current working directory: /home/mohax/my_app
detected binary path: /usr/local/bin/uwsgi
!!! no internal routing support, rebuild with pcre support !!!
your processes number limit is 1872
your memory page size is 4096 bytes
 *** WARNING: you have enabled harakiri without post buffering. Slow upload could be rejected on post-unbuffered webservers *** 
detected max file descriptor number: 1024
lock engine: pthread robust mutexes
thunder lock: disabled (you can enable it with --thunder-lock)
bind(): Permission denied [core/socket.c line 230]
[uWSGI] parsing config file /home/mohax/my_app/uwsgi.xml
open("./python_plugin.so"): No such file or directory [core/utils.c line 3675]
!!! UNABLE to load uWSGI plugin: ./python_plugin.so: cannot open shared object file: No such file or directory !!!
*** Starting uWSGI 2.0.11.2 (64bit) on [Tue Dec 29 21:20:17 2015] ***
compiled with version: 4.8.4 on 29 December 2015 20:48:41
os: Linux-3.19.0-25-generic #26~14.04.1-Ubuntu SMP Fri Jul 24 21:16:20 UTC 2015
nodename: nginx2
machine: x86_64
clock source: unix
detected number of CPU cores: 1
current working directory: /home/mohax/my_app
detected binary path: /usr/local/bin/uwsgi
!!! no internal routing support, rebuild with pcre support !!!
your processes number limit is 1872
your memory page size is 4096 bytes
 *** WARNING: you have enabled harakiri without post buffering. Slow upload could be rejected on post-unbuffered webservers *** 
detected max file descriptor number: 1024
lock engine: pthread robust mutexes
thunder lock: disabled (you can enable it with --thunder-lock)
bind(): Permission denied [core/socket.c line 230]
[uWSGI] parsing config file /home/mohax/my_app/uwsgi.xml
open("./python_plugin.so"): No such file or directory [core/utils.c line 3675]
!!! UNABLE to load uWSGI plugin: ./python_plugin.so: cannot open shared object file: No such file or directory !!!
*** Starting uWSGI 2.0.11.2 (64bit) on [Tue Dec 29 21:20:20 2015] ***
compiled with version: 4.8.4 on 29 December 2015 20:48:41
os: Linux-3.19.0-25-generic #26~14.04.1-Ubuntu SMP Fri Jul 24 21:16:20 UTC 2015
nodename: nginx2
machine: x86_64
clock source: unix
detected number of CPU cores: 1
current working directory: /home/mohax/my_app
detected binary path: /usr/local/bin/uwsgi
!!! no internal routing support, rebuild with pcre support !!!
your processes number limit is 1872
your memory page size is 4096 bytes
 *** WARNING: you have enabled harakiri without post buffering. Slow upload could be rejected on post-unbuffered webservers *** 
detected max file descriptor number: 1024
lock engine: pthread robust mutexes
thunder lock: disabled (you can enable it with --thunder-lock)
bind(): Permission denied [core/socket.c line 230]
[uWSGI] parsing config file /home/mohax/my_app/uwsgi.xml
open("./python_plugin.so"): No such file or directory [core/utils.c line 3675]
!!! UNABLE to load uWSGI plugin: ./python_plugin.so: cannot open shared object file: No such file or directory !!!
*** Starting uWSGI 2.0.11.2 (64bit) on [Tue Dec 29 21:24:42 2015] ***
compiled with version: 4.8.4 on 29 December 2015 20:48:41
os: Linux-3.19.0-25-generic #26~14.04.1-Ubuntu SMP Fri Jul 24 21:16:20 UTC 2015
nodename: nginx2
machine: x86_64
clock source: unix
detected number of CPU cores: 1
current working directory: /home/mohax/my_app
detected binary path: /usr/local/bin/uwsgi
!!! no internal routing support, rebuild with pcre support !!!
your processes number limit is 1872
your memory page size is 4096 bytes
 *** WARNING: you have enabled harakiri without post buffering. Slow upload could be rejected on post-unbuffered webservers *** 
detected max file descriptor number: 1024
lock engine: pthread robust mutexes
thunder lock: disabled (you can enable it with --thunder-lock)
bind(): Permission denied [core/socket.c line 230]
[uWSGI] parsing config file /home/mohax/my_app/uwsgi.xml
open("./python_plugin.so"): No such file or directory [core/utils.c line 3675]
!!! UNABLE to load uWSGI plugin: ./python_plugin.so: cannot open shared object file: No such file or directory !!!
*** Starting uWSGI 2.0.11.2 (64bit) on [Tue Dec 29 21:24:43 2015] ***
compiled with version: 4.8.4 on 29 December 2015 20:48:41
os: Linux-3.19.0-25-generic #26~14.04.1-Ubuntu SMP Fri Jul 24 21:16:20 UTC 2015
nodename: nginx2
machine: x86_64
clock source: unix
detected number of CPU cores: 1
current working directory: /home/mohax/my_app
detected binary path: /usr/local/bin/uwsgi
!!! no internal routing support, rebuild with pcre support !!!
your processes number limit is 1872
your memory page size is 4096 bytes
 *** WARNING: you have enabled harakiri without post buffering. Slow upload could be rejected on post-unbuffered webservers *** 
detected max file descriptor number: 1024
lock engine: pthread robust mutexes
thunder lock: disabled (you can enable it with --thunder-lock)
bind(): Permission denied [core/socket.c line 230]
[uWSGI] parsing config file /home/mohax/my_app/uwsgi.xml
open("./python_plugin.so"): No such file or directory [core/utils.c line 3675]
!!! UNABLE to load uWSGI plugin: ./python_plugin.so: cannot open shared object file: No such file or directory !!!
*** Starting uWSGI 2.0.11.2 (64bit) on [Tue Dec 29 21:24:45 2015] ***
compiled with version: 4.8.4 on 29 December 2015 20:48:41
os: Linux-3.19.0-25-generic #26~14.04.1-Ubuntu SMP Fri Jul 24 21:16:20 UTC 2015
nodename: nginx2
machine: x86_64
clock source: unix
detected number of CPU cores: 1
current working directory: /home/mohax/my_app
detected binary path: /usr/local/bin/uwsgi
!!! no internal routing support, rebuild with pcre support !!!
your processes number limit is 1872
your memory page size is 4096 bytes
 *** WARNING: you have enabled harakiri without post buffering. Slow upload could be rejected on post-unbuffered webservers *** 
detected max file descriptor number: 1024
lock engine: pthread robust mutexes
thunder lock: disabled (you can enable it with --thunder-lock)
bind(): Permission denied [core/socket.c line 230]
[uWSGI] parsing config file /home/mohax/my_app/uwsgi.xml
open("./python_plugin.so"): No such file or directory [core/utils.c line 3675]
!!! UNABLE to load uWSGI plugin: ./python_plugin.so: cannot open shared object file: No such file or directory !!!
*** Starting uWSGI 2.0.11.2 (64bit) on [Tue Dec 29 21:24:48 2015] ***
compiled with version: 4.8.4 on 29 December 2015 20:48:41
os: Linux-3.19.0-25-generic #26~14.04.1-Ubuntu SMP Fri Jul 24 21:16:20 UTC 2015
nodename: nginx2
machine: x86_64
clock source: unix
detected number of CPU cores: 1
current working directory: /home/mohax/my_app
detected binary path: /usr/local/bin/uwsgi
!!! no internal routing support, rebuild with pcre support !!!
your processes number limit is 1872
your memory page size is 4096 bytes
 *** WARNING: you have enabled harakiri without post buffering. Slow upload could be rejected on post-unbuffered webservers *** 
detected max file descriptor number: 1024
lock engine: pthread robust mutexes
thunder lock: disabled (you can enable it with --thunder-lock)
bind(): Permission denied [core/socket.c line 230]
[uWSGI] parsing config file /home/mohax/my_app/uwsgi.xml
open("./python_plugin.so"): No such file or directory [core/utils.c line 3675]
!!! UNABLE to load uWSGI plugin: ./python_plugin.so: cannot open shared object file: No such file or directory !!!
*** Starting uWSGI 2.0.11.2 (64bit) on [Tue Dec 29 21:25:39 2015] ***
compiled with version: 4.8.4 on 29 December 2015 20:48:41
os: Linux-3.19.0-25-generic #26~14.04.1-Ubuntu SMP Fri Jul 24 21:16:20 UTC 2015
nodename: nginx2
machine: x86_64
clock source: unix
detected number of CPU cores: 1
current working directory: /home/mohax/my_app
detected binary path: /usr/local/bin/uwsgi
!!! no internal routing support, rebuild with pcre support !!!
your processes number limit is 1872
your memory page size is 4096 bytes
 *** WARNING: you have enabled harakiri without post buffering. Slow upload could be rejected on post-unbuffered webservers *** 
detected max file descriptor number: 1024
lock engine: pthread robust mutexes
thunder lock: disabled (you can enable it with --thunder-lock)
bind(): Permission denied [core/socket.c line 230]
[uWSGI] parsing config file /home/mohax/my_app/uwsgi.xml
open("./python_plugin.so"): No such file or directory [core/utils.c line 3675]
!!! UNABLE to load uWSGI plugin: ./python_plugin.so: cannot open shared object file: No such file or directory !!!
*** Starting uWSGI 2.0.11.2 (64bit) on [Tue Dec 29 21:25:40 2015] ***
compiled with version: 4.8.4 on 29 December 2015 20:48:41
os: Linux-3.19.0-25-generic #26~14.04.1-Ubuntu SMP Fri Jul 24 21:16:20 UTC 2015
nodename: nginx2
machine: x86_64
clock source: unix
detected number of CPU cores: 1
current working directory: /home/mohax/my_app
detected binary path: /usr/local/bin/uwsgi
!!! no internal routing support, rebuild with pcre support !!!
your processes number limit is 1872
your memory page size is 4096 bytes
 *** WARNING: you have enabled harakiri without post buffering. Slow upload could be rejected on post-unbuffered webservers *** 
detected max file descriptor number: 1024
lock engine: pthread robust mutexes
thunder lock: disabled (you can enable it with --thunder-lock)
bind(): Permission denied [core/socket.c line 230]
[uWSGI] parsing config file /home/mohax/my_app/uwsgi.xml
open("./python_plugin.so"): No such file or directory [core/utils.c line 3675]
!!! UNABLE to load uWSGI plugin: ./python_plugin.so: cannot open shared object file: No such file or directory !!!
*** Starting uWSGI 2.0.11.2 (64bit) on [Tue Dec 29 21:25:42 2015] ***
compiled with version: 4.8.4 on 29 December 2015 20:48:41
os: Linux-3.19.0-25-generic #26~14.04.1-Ubuntu SMP Fri Jul 24 21:16:20 UTC 2015
nodename: nginx2
machine: x86_64
clock source: unix
detected number of CPU cores: 1
current working directory: /home/mohax/my_app
detected binary path: /usr/local/bin/uwsgi
!!! no internal routing support, rebuild with pcre support !!!
your processes number limit is 1872
your memory page size is 4096 bytes
 *** WARNING: you have enabled harakiri without post buffering. Slow upload could be rejected on post-unbuffered webservers *** 
detected max file descriptor number: 1024
lock engine: pthread robust mutexes
thunder lock: disabled (you can enable it with --thunder-lock)
bind(): Permission denied [core/socket.c line 230]
[uWSGI] parsing config file /home/mohax/my_app/uwsgi.xml
open("./python_plugin.so"): No such file or directory [core/utils.c line 3675]
!!! UNABLE to load uWSGI plugin: ./python_plugin.so: cannot open shared object file: No such file or directory !!!
*** Starting uWSGI 2.0.11.2 (64bit) on [Tue Dec 29 21:25:45 2015] ***
compiled with version: 4.8.4 on 29 December 2015 20:48:41
os: Linux-3.19.0-25-generic #26~14.04.1-Ubuntu SMP Fri Jul 24 21:16:20 UTC 2015
nodename: nginx2
machine: x86_64
clock source: unix
detected number of CPU cores: 1
current working directory: /home/mohax/my_app
detected binary path: /usr/local/bin/uwsgi
!!! no internal routing support, rebuild with pcre support !!!
your processes number limit is 1872
your memory page size is 4096 bytes
 *** WARNING: you have enabled harakiri without post buffering. Slow upload could be rejected on post-unbuffered webservers *** 
detected max file descriptor number: 1024
lock engine: pthread robust mutexes
thunder lock: disabled (you can enable it with --thunder-lock)
bind(): Permission denied [core/socket.c line 230]
[uWSGI] parsing config file /home/mohax/my_app/uwsgi.xml
open("./python_plugin.so"): No such file or directory [core/utils.c line 3675]
!!! UNABLE to load uWSGI plugin: ./python_plugin.so: cannot open shared object file: No such file or directory !!!
*** Starting uWSGI 2.0.11.2 (64bit) on [Tue Dec 29 21:28:12 2015] ***
compiled with version: 4.8.4 on 29 December 2015 20:48:41
os: Linux-3.19.0-25-generic #26~14.04.1-Ubuntu SMP Fri Jul 24 21:16:20 UTC 2015
nodename: nginx2
machine: x86_64
clock source: unix
detected number of CPU cores: 1
current working directory: /home/mohax/my_app
detected binary path: /usr/local/bin/uwsgi
!!! no internal routing support, rebuild with pcre support !!!
your processes number limit is 1872
your memory page size is 4096 bytes
 *** WARNING: you have enabled harakiri without post buffering. Slow upload could be rejected on post-unbuffered webservers *** 
detected max file descriptor number: 1024
lock engine: pthread robust mutexes
thunder lock: disabled (you can enable it with --thunder-lock)
bind(): Permission denied [core/socket.c line 230]
[uWSGI] parsing config file /home/mohax/my_app/uwsgi.xml
open("./python_plugin.so"): No such file or directory [core/utils.c line 3675]
!!! UNABLE to load uWSGI plugin: ./python_plugin.so: cannot open shared object file: No such file or directory !!!
*** Starting uWSGI 2.0.11.2 (64bit) on [Tue Dec 29 21:28:13 2015] ***
compiled with version: 4.8.4 on 29 December 2015 20:48:41
os: Linux-3.19.0-25-generic #26~14.04.1-Ubuntu SMP Fri Jul 24 21:16:20 UTC 2015
nodename: nginx2
machine: x86_64
clock source: unix
detected number of CPU cores: 1
current working directory: /home/mohax/my_app
detected binary path: /usr/local/bin/uwsgi
!!! no internal routing support, rebuild with pcre support !!!
your processes number limit is 1872
your memory page size is 4096 bytes
 *** WARNING: you have enabled harakiri without post buffering. Slow upload could be rejected on post-unbuffered webservers *** 
detected max file descriptor number: 1024
lock engine: pthread robust mutexes
thunder lock: disabled (you can enable it with --thunder-lock)
bind(): Permission denied [core/socket.c line 230]
[uWSGI] parsing config file /home/mohax/my_app/uwsgi.xml
open("./python_plugin.so"): No such file or directory [core/utils.c line 3675]
!!! UNABLE to load uWSGI plugin: ./python_plugin.so: cannot open shared object file: No such file or directory !!!
*** Starting uWSGI 2.0.11.2 (64bit) on [Tue Dec 29 21:28:15 2015] ***
compiled with version: 4.8.4 on 29 December 2015 20:48:41
os: Linux-3.19.0-25-generic #26~14.04.1-Ubuntu SMP Fri Jul 24 21:16:20 UTC 2015
nodename: nginx2
machine: x86_64
clock source: unix
detected number of CPU cores: 1
current working directory: /home/mohax/my_app
detected binary path: /usr/local/bin/uwsgi
!!! no internal routing support, rebuild with pcre support !!!
your processes number limit is 1872
your memory page size is 4096 bytes
 *** WARNING: you have enabled harakiri without post buffering. Slow upload could be rejected on post-unbuffered webservers *** 
detected max file descriptor number: 1024
lock engine: pthread robust mutexes
thunder lock: disabled (you can enable it with --thunder-lock)
bind(): Permission denied [core/socket.c line 230]
[uWSGI] parsing config file /home/mohax/my_app/uwsgi.xml
open("./python_plugin.so"): No such file or directory [core/utils.c line 3675]
!!! UNABLE to load uWSGI plugin: ./python_plugin.so: cannot open shared object file: No such file or directory !!!
*** Starting uWSGI 2.0.11.2 (64bit) on [Tue Dec 29 21:28:18 2015] ***
compiled with version: 4.8.4 on 29 December 2015 20:48:41
os: Linux-3.19.0-25-generic #26~14.04.1-Ubuntu SMP Fri Jul 24 21:16:20 UTC 2015
nodename: nginx2
machine: x86_64
clock source: unix
detected number of CPU cores: 1
current working directory: /home/mohax/my_app
detected binary path: /usr/local/bin/uwsgi
!!! no internal routing support, rebuild with pcre support !!!
your processes number limit is 1872
your memory page size is 4096 bytes
 *** WARNING: you have enabled harakiri without post buffering. Slow upload could be rejected on post-unbuffered webservers *** 
detected max file descriptor number: 1024
lock engine: pthread robust mutexes
thunder lock: disabled (you can enable it with --thunder-lock)
bind(): Permission denied [core/socket.c line 230]
[uWSGI] parsing config file /home/mohax/my_app/uwsgi.xml
open("./python_plugin.so"): No such file or directory [core/utils.c line 3675]
!!! UNABLE to load uWSGI plugin: ./python_plugin.so: cannot open shared object file: No such file or directory !!!
*** Starting uWSGI 2.0.11.2 (64bit) on [Tue Dec 29 21:29:09 2015] ***
compiled with version: 4.8.4 on 29 December 2015 20:48:41
os: Linux-3.19.0-25-generic #26~14.04.1-Ubuntu SMP Fri Jul 24 21:16:20 UTC 2015
nodename: nginx2
machine: x86_64
clock source: unix
detected number of CPU cores: 1
current working directory: /home/mohax/my_app
detected binary path: /usr/local/bin/uwsgi
!!! no internal routing support, rebuild with pcre support !!!
your processes number limit is 1872
your memory page size is 4096 bytes
 *** WARNING: you have enabled harakiri without post buffering. Slow upload could be rejected on post-unbuffered webservers *** 
detected max file descriptor number: 1024
lock engine: pthread robust mutexes
thunder lock: disabled (you can enable it with --thunder-lock)
bind(): Permission denied [core/socket.c line 230]
[uWSGI] parsing config file /home/mohax/my_app/uwsgi.xml
open("./python_plugin.so"): No such file or directory [core/utils.c line 3675]
!!! UNABLE to load uWSGI plugin: ./python_plugin.so: cannot open shared object file: No such file or directory !!!
*** Starting uWSGI 2.0.11.2 (64bit) on [Tue Dec 29 21:29:10 2015] ***
compiled with version: 4.8.4 on 29 December 2015 20:48:41
os: Linux-3.19.0-25-generic #26~14.04.1-Ubuntu SMP Fri Jul 24 21:16:20 UTC 2015
nodename: nginx2
machine: x86_64
clock source: unix
detected number of CPU cores: 1
current working directory: /home/mohax/my_app
detected binary path: /usr/local/bin/uwsgi
!!! no internal routing support, rebuild with pcre support !!!
your processes number limit is 1872
your memory page size is 4096 bytes
 *** WARNING: you have enabled harakiri without post buffering. Slow upload could be rejected on post-unbuffered webservers *** 
detected max file descriptor number: 1024
lock engine: pthread robust mutexes
thunder lock: disabled (you can enable it with --thunder-lock)
bind(): Permission denied [core/socket.c line 230]
[uWSGI] parsing config file /home/mohax/my_app/uwsgi.xml
open("./python_plugin.so"): No such file or directory [core/utils.c line 3675]
!!! UNABLE to load uWSGI plugin: ./python_plugin.so: cannot open shared object file: No such file or directory !!!
*** Starting uWSGI 2.0.11.2 (64bit) on [Tue Dec 29 21:29:12 2015] ***
compiled with version: 4.8.4 on 29 December 2015 20:48:41
os: Linux-3.19.0-25-generic #26~14.04.1-Ubuntu SMP Fri Jul 24 21:16:20 UTC 2015
nodename: nginx2
machine: x86_64
clock source: unix
detected number of CPU cores: 1
current working directory: /home/mohax/my_app
detected binary path: /usr/local/bin/uwsgi
!!! no internal routing support, rebuild with pcre support !!!
your processes number limit is 1872
your memory page size is 4096 bytes
 *** WARNING: you have enabled harakiri without post buffering. Slow upload could be rejected on post-unbuffered webservers *** 
detected max file descriptor number: 1024
lock engine: pthread robust mutexes
thunder lock: disabled (you can enable it with --thunder-lock)
bind(): Permission denied [core/socket.c line 230]
[uWSGI] parsing config file /home/mohax/my_app/uwsgi.xml
open("./python_plugin.so"): No such file or directory [core/utils.c line 3675]
!!! UNABLE to load uWSGI plugin: ./python_plugin.so: cannot open shared object file: No such file or directory !!!
*** Starting uWSGI 2.0.11.2 (64bit) on [Tue Dec 29 21:29:15 2015] ***
compiled with version: 4.8.4 on 29 December 2015 20:48:41
os: Linux-3.19.0-25-generic #26~14.04.1-Ubuntu SMP Fri Jul 24 21:16:20 UTC 2015
nodename: nginx2
machine: x86_64
clock source: unix
detected number of CPU cores: 1
current working directory: /home/mohax/my_app
detected binary path: /usr/local/bin/uwsgi
!!! no internal routing support, rebuild with pcre support !!!
your processes number limit is 1872
your memory page size is 4096 bytes
 *** WARNING: you have enabled harakiri without post buffering. Slow upload could be rejected on post-unbuffered webservers *** 
detected max file descriptor number: 1024
lock engine: pthread robust mutexes
thunder lock: disabled (you can enable it with --thunder-lock)
bind(): Permission denied [core/socket.c line 230]
[uWSGI] parsing config file /home/mohax/my_app/uwsgi.xml
open("./python_plugin.so"): No such file or directory [core/utils.c line 3675]
!!! UNABLE to load uWSGI plugin: ./python_plugin.so: cannot open shared object file: No such file or directory !!!
*** Starting uWSGI 2.0.11.2 (64bit) on [Tue Dec 29 21:30:35 2015] ***
compiled with version: 4.8.4 on 29 December 2015 20:48:41
os: Linux-3.19.0-25-generic #26~14.04.1-Ubuntu SMP Fri Jul 24 21:16:20 UTC 2015
nodename: nginx2
machine: x86_64
clock source: unix
detected number of CPU cores: 1
current working directory: /home/mohax/my_app
detected binary path: /usr/local/bin/uwsgi
!!! no internal routing support, rebuild with pcre support !!!
your processes number limit is 1872
your memory page size is 4096 bytes
 *** WARNING: you have enabled harakiri without post buffering. Slow upload could be rejected on post-unbuffered webservers *** 
detected max file descriptor number: 1024
lock engine: pthread robust mutexes
thunder lock: disabled (you can enable it with --thunder-lock)
bind(): Permission denied [core/socket.c line 230]
[uWSGI] parsing config file /home/mohax/my_app/uwsgi.xml
open("./python_plugin.so"): No such file or directory [core/utils.c line 3675]
!!! UNABLE to load uWSGI plugin: ./python_plugin.so: cannot open shared object file: No such file or directory !!!
*** Starting uWSGI 2.0.11.2 (64bit) on [Tue Dec 29 21:30:36 2015] ***
compiled with version: 4.8.4 on 29 December 2015 20:48:41
os: Linux-3.19.0-25-generic #26~14.04.1-Ubuntu SMP Fri Jul 24 21:16:20 UTC 2015
nodename: nginx2
machine: x86_64
clock source: unix
detected number of CPU cores: 1
current working directory: /home/mohax/my_app
detected binary path: /usr/local/bin/uwsgi
!!! no internal routing support, rebuild with pcre support !!!
your processes number limit is 1872
your memory page size is 4096 bytes
 *** WARNING: you have enabled harakiri without post buffering. Slow upload could be rejected on post-unbuffered webservers *** 
detected max file descriptor number: 1024
lock engine: pthread robust mutexes
thunder lock: disabled (you can enable it with --thunder-lock)
bind(): Permission denied [core/socket.c line 230]
[uWSGI] parsing config file /home/mohax/my_app/uwsgi.xml
open("./python_plugin.so"): No such file or directory [core/utils.c line 3675]
!!! UNABLE to load uWSGI plugin: ./python_plugin.so: cannot open shared object file: No such file or directory !!!
*** Starting uWSGI 2.0.11.2 (64bit) on [Tue Dec 29 21:30:38 2015] ***
compiled with version: 4.8.4 on 29 December 2015 20:48:41
os: Linux-3.19.0-25-generic #26~14.04.1-Ubuntu SMP Fri Jul 24 21:16:20 UTC 2015
nodename: nginx2
machine: x86_64
clock source: unix
detected number of CPU cores: 1
current working directory: /home/mohax/my_app
detected binary path: /usr/local/bin/uwsgi
!!! no internal routing support, rebuild with pcre support !!!
your processes number limit is 1872
your memory page size is 4096 bytes
 *** WARNING: you have enabled harakiri without post buffering. Slow upload could be rejected on post-unbuffered webservers *** 
detected max file descriptor number: 1024
lock engine: pthread robust mutexes
thunder lock: disabled (you can enable it with --thunder-lock)
bind(): Permission denied [core/socket.c line 230]
[uWSGI] parsing config file /home/mohax/my_app/uwsgi.xml
open("./python_plugin.so"): No such file or directory [core/utils.c line 3675]
!!! UNABLE to load uWSGI plugin: ./python_plugin.so: cannot open shared object file: No such file or directory !!!
*** Starting uWSGI 2.0.11.2 (64bit) on [Tue Dec 29 21:30:41 2015] ***
compiled with version: 4.8.4 on 29 December 2015 20:48:41
os: Linux-3.19.0-25-generic #26~14.04.1-Ubuntu SMP Fri Jul 24 21:16:20 UTC 2015
nodename: nginx2
machine: x86_64
clock source: unix
detected number of CPU cores: 1
current working directory: /home/mohax/my_app
detected binary path: /usr/local/bin/uwsgi
!!! no internal routing support, rebuild with pcre support !!!
your processes number limit is 1872
your memory page size is 4096 bytes
 *** WARNING: you have enabled harakiri without post buffering. Slow upload could be rejected on post-unbuffered webservers *** 
detected max file descriptor number: 1024
lock engine: pthread robust mutexes
thunder lock: disabled (you can enable it with --thunder-lock)
bind(): Permission denied [core/socket.c line 230]
[uWSGI] parsing config file /home/mohax/my_app/uwsgi.xml
open("./python_plugin.so"): No such file or directory [core/utils.c line 3675]
!!! UNABLE to load uWSGI plugin: ./python_plugin.so: cannot open shared object file: No such file or directory !!!
*** Starting uWSGI 2.0.11.2 (64bit) on [Tue Dec 29 21:30:52 2015] ***
compiled with version: 4.8.4 on 29 December 2015 20:48:41
os: Linux-3.19.0-25-generic #26~14.04.1-Ubuntu SMP Fri Jul 24 21:16:20 UTC 2015
nodename: nginx2
machine: x86_64
clock source: unix
detected number of CPU cores: 1
current working directory: /home/mohax/my_app
detected binary path: /usr/local/bin/uwsgi
!!! no internal routing support, rebuild with pcre support !!!
your processes number limit is 1872
your memory page size is 4096 bytes
 *** WARNING: you have enabled harakiri without post buffering. Slow upload could be rejected on post-unbuffered webservers *** 
detected max file descriptor number: 1024
lock engine: pthread robust mutexes
thunder lock: disabled (you can enable it with --thunder-lock)
bind(): Permission denied [core/socket.c line 230]
[uWSGI] parsing config file /home/mohax/my_app/uwsgi.xml
open("./python_plugin.so"): No such file or directory [core/utils.c line 3675]
!!! UNABLE to load uWSGI plugin: ./python_plugin.so: cannot open shared object file: No such file or directory !!!
*** Starting uWSGI 2.0.11.2 (64bit) on [Tue Dec 29 21:30:53 2015] ***
compiled with version: 4.8.4 on 29 December 2015 20:48:41
os: Linux-3.19.0-25-generic #26~14.04.1-Ubuntu SMP Fri Jul 24 21:16:20 UTC 2015
nodename: nginx2
machine: x86_64
clock source: unix
detected number of CPU cores: 1
current working directory: /home/mohax/my_app
detected binary path: /usr/local/bin/uwsgi
!!! no internal routing support, rebuild with pcre support !!!
your processes number limit is 1872
your memory page size is 4096 bytes
 *** WARNING: you have enabled harakiri without post buffering. Slow upload could be rejected on post-unbuffered webservers *** 
detected max file descriptor number: 1024
lock engine: pthread robust mutexes
thunder lock: disabled (you can enable it with --thunder-lock)
bind(): Permission denied [core/socket.c line 230]
[uWSGI] parsing config file /home/mohax/my_app/uwsgi.xml
open("./python_plugin.so"): No such file or directory [core/utils.c line 3675]
!!! UNABLE to load uWSGI plugin: ./python_plugin.so: cannot open shared object file: No such file or directory !!!
*** Starting uWSGI 2.0.11.2 (64bit) on [Tue Dec 29 21:30:55 2015] ***
compiled with version: 4.8.4 on 29 December 2015 20:48:41
os: Linux-3.19.0-25-generic #26~14.04.1-Ubuntu SMP Fri Jul 24 21:16:20 UTC 2015
nodename: nginx2
machine: x86_64
clock source: unix
detected number of CPU cores: 1
current working directory: /home/mohax/my_app
detected binary path: /usr/local/bin/uwsgi
!!! no internal routing support, rebuild with pcre support !!!
your processes number limit is 1872
your memory page size is 4096 bytes
 *** WARNING: you have enabled harakiri without post buffering. Slow upload could be rejected on post-unbuffered webservers *** 
detected max file descriptor number: 1024
lock engine: pthread robust mutexes
thunder lock: disabled (you can enable it with --thunder-lock)
bind(): Permission denied [core/socket.c line 230]
[uWSGI] parsing config file /home/mohax/my_app/uwsgi.xml
open("./python_plugin.so"): No such file or directory [core/utils.c line 3675]
!!! UNABLE to load uWSGI plugin: ./python_plugin.so: cannot open shared object file: No such file or directory !!!
*** Starting uWSGI 2.0.11.2 (64bit) on [Tue Dec 29 21:30:58 2015] ***
compiled with version: 4.8.4 on 29 December 2015 20:48:41
os: Linux-3.19.0-25-generic #26~14.04.1-Ubuntu SMP Fri Jul 24 21:16:20 UTC 2015
nodename: nginx2
machine: x86_64
clock source: unix
detected number of CPU cores: 1
current working directory: /home/mohax/my_app
detected binary path: /usr/local/bin/uwsgi
!!! no internal routing support, rebuild with pcre support !!!
your processes number limit is 1872
your memory page size is 4096 bytes
 *** WARNING: you have enabled harakiri without post buffering. Slow upload could be rejected on post-unbuffered webservers *** 
detected max file descriptor number: 1024
lock engine: pthread robust mutexes
thunder lock: disabled (you can enable it with --thunder-lock)
bind(): Permission denied [core/socket.c line 230]
[uWSGI] parsing config file /home/mohax/my_app/uwsgi.xml
open("./python_plugin.so"): No such file or directory [core/utils.c line 3675]
!!! UNABLE to load uWSGI plugin: ./python_plugin.so: cannot open shared object file: No such file or directory !!!
*** Starting uWSGI 2.0.11.2 (64bit) on [Tue Dec 29 21:31:29 2015] ***
compiled with version: 4.8.4 on 29 December 2015 20:48:41
os: Linux-3.19.0-25-generic #26~14.04.1-Ubuntu SMP Fri Jul 24 21:16:20 UTC 2015
nodename: nginx2
machine: x86_64
clock source: unix
detected number of CPU cores: 1
current working directory: /home/mohax/my_app
detected binary path: /usr/local/bin/uwsgi
!!! no internal routing support, rebuild with pcre support !!!
your processes number limit is 1872
your memory page size is 4096 bytes
 *** WARNING: you have enabled harakiri without post buffering. Slow upload could be rejected on post-unbuffered webservers *** 
detected max file descriptor number: 1024
lock engine: pthread robust mutexes
thunder lock: disabled (you can enable it with --thunder-lock)
bind(): Permission denied [core/socket.c line 230]
[uWSGI] parsing config file /home/mohax/my_app/uwsgi.xml
open("./python_plugin.so"): No such file or directory [core/utils.c line 3675]
!!! UNABLE to load uWSGI plugin: ./python_plugin.so: cannot open shared object file: No such file or directory !!!
*** Starting uWSGI 2.0.11.2 (64bit) on [Tue Dec 29 21:31:30 2015] ***
compiled with version: 4.8.4 on 29 December 2015 20:48:41
os: Linux-3.19.0-25-generic #26~14.04.1-Ubuntu SMP Fri Jul 24 21:16:20 UTC 2015
nodename: nginx2
machine: x86_64
clock source: unix
detected number of CPU cores: 1
current working directory: /home/mohax/my_app
detected binary path: /usr/local/bin/uwsgi
!!! no internal routing support, rebuild with pcre support !!!
your processes number limit is 1872
your memory page size is 4096 bytes
 *** WARNING: you have enabled harakiri without post buffering. Slow upload could be rejected on post-unbuffered webservers *** 
detected max file descriptor number: 1024
lock engine: pthread robust mutexes
thunder lock: disabled (you can enable it with --thunder-lock)
bind(): Permission denied [core/socket.c line 230]
[uWSGI] parsing config file /home/mohax/my_app/uwsgi.xml
open("./python_plugin.so"): No such file or directory [core/utils.c line 3675]
!!! UNABLE to load uWSGI plugin: ./python_plugin.so: cannot open shared object file: No such file or directory !!!
*** Starting uWSGI 2.0.11.2 (64bit) on [Tue Dec 29 21:31:32 2015] ***
compiled with version: 4.8.4 on 29 December 2015 20:48:41
os: Linux-3.19.0-25-generic #26~14.04.1-Ubuntu SMP Fri Jul 24 21:16:20 UTC 2015
nodename: nginx2
machine: x86_64
clock source: unix
detected number of CPU cores: 1
current working directory: /home/mohax/my_app
detected binary path: /usr/local/bin/uwsgi
!!! no internal routing support, rebuild with pcre support !!!
your processes number limit is 1872
your memory page size is 4096 bytes
 *** WARNING: you have enabled harakiri without post buffering. Slow upload could be rejected on post-unbuffered webservers *** 
detected max file descriptor number: 1024
lock engine: pthread robust mutexes
thunder lock: disabled (you can enable it with --thunder-lock)
bind(): Permission denied [core/socket.c line 230]
[uWSGI] parsing config file /home/mohax/my_app/uwsgi.xml
open("./python_plugin.so"): No such file or directory [core/utils.c line 3675]
!!! UNABLE to load uWSGI plugin: ./python_plugin.so: cannot open shared object file: No such file or directory !!!
*** Starting uWSGI 2.0.11.2 (64bit) on [Tue Dec 29 21:31:35 2015] ***
compiled with version: 4.8.4 on 29 December 2015 20:48:41
os: Linux-3.19.0-25-generic #26~14.04.1-Ubuntu SMP Fri Jul 24 21:16:20 UTC 2015
nodename: nginx2
machine: x86_64
clock source: unix
detected number of CPU cores: 1
current working directory: /home/mohax/my_app
detected binary path: /usr/local/bin/uwsgi
!!! no internal routing support, rebuild with pcre support !!!
your processes number limit is 1872
your memory page size is 4096 bytes
 *** WARNING: you have enabled harakiri without post buffering. Slow upload could be rejected on post-unbuffered webservers *** 
detected max file descriptor number: 1024
lock engine: pthread robust mutexes
thunder lock: disabled (you can enable it with --thunder-lock)
bind(): Permission denied [core/socket.c line 230]
[uWSGI] parsing config file /home/mohax/my_app/uwsgi.xml
open("./python_plugin.so"): No such file or directory [core/utils.c line 3675]
!!! UNABLE to load uWSGI plugin: ./python_plugin.so: cannot open shared object file: No such file or directory !!!
*** Starting uWSGI 2.0.11.2 (64bit) on [Tue Dec 29 21:32:14 2015] ***
compiled with version: 4.8.4 on 29 December 2015 20:48:41
os: Linux-3.19.0-25-generic #26~14.04.1-Ubuntu SMP Fri Jul 24 21:16:20 UTC 2015
nodename: nginx2
machine: x86_64
clock source: unix
detected number of CPU cores: 1
current working directory: /home/mohax/my_app
detected binary path: /usr/local/bin/uwsgi
!!! no internal routing support, rebuild with pcre support !!!
your processes number limit is 1872
your memory page size is 4096 bytes
 *** WARNING: you have enabled harakiri without post buffering. Slow upload could be rejected on post-unbuffered webservers *** 
detected max file descriptor number: 1024
lock engine: pthread robust mutexes
thunder lock: disabled (you can enable it with --thunder-lock)
uwsgi socket 0 bound to UNIX address /home/mohax/my_app/uwsgi.sock fd 3
Python version: 2.7.6 (default, Jun 22 2015, 18:01:27)  [GCC 4.8.2]
*** Python threads support is disabled. You can enable it with --enable-threads ***
Python main interpreter initialized at 0x269bcc0
your server socket listen backlog is limited to 100 connections
your mercy for graceful operations on workers is 60 seconds
mapped 304296 bytes (297 KB) for 2 cores
*** Operational MODE: preforking ***
added /home/mohax/my_app/ to pythonpath.
ImportError: No module named wsgi
unable to load app 0 (mountpoint='') (callable not found or import error)
*** no app loaded. going in full dynamic mode ***
*** uWSGI is running in multiple interpreter mode ***
spawned uWSGI master process (pid: 9896)
spawned uWSGI worker 1 (pid: 9897, cores: 1)
spawned uWSGI worker 2 (pid: 9898, cores: 1)
--- no python application found, check your startup logs for errors ---
[pid: 9898|app: -1|req: -1/1] 172.16.7.99 () {40 vars in 637 bytes} [Tue Dec 29 21:32:15 2015] GET / => generated 21 bytes in 0 msecs (HTTP/1.1 500) 2 headers in 83 bytes (0 switches on core 0)
--- no python application found, check your startup logs for errors ---
[pid: 9897|app: -1|req: -1/2] 172.16.7.99 () {40 vars in 637 bytes} [Tue Dec 29 21:33:30 2015] GET / => generated 21 bytes in 0 msecs (HTTP/1.1 500) 2 headers in 83 bytes (0 switches on core 0)
SIGINT/SIGQUIT received...killing workers...
worker 1 buried after 1 seconds
worker 2 buried after 1 seconds
goodbye to uWSGI.
[uWSGI] parsing config file /home/mohax/my_app/uwsgi.xml
open("./python_plugin.so"): No such file or directory [core/utils.c line 3675]
!!! UNABLE to load uWSGI plugin: ./python_plugin.so: cannot open shared object file: No such file or directory !!!
*** Starting uWSGI 2.0.11.2 (64bit) on [Tue Dec 29 21:33:44 2015] ***
compiled with version: 4.8.4 on 29 December 2015 20:48:41
os: Linux-3.19.0-25-generic #26~14.04.1-Ubuntu SMP Fri Jul 24 21:16:20 UTC 2015
nodename: nginx2
machine: x86_64
clock source: unix
detected number of CPU cores: 1
current working directory: /home/mohax/my_app
detected binary path: /usr/local/bin/uwsgi
!!! no internal routing support, rebuild with pcre support !!!
your processes number limit is 1872
your memory page size is 4096 bytes
 *** WARNING: you have enabled harakiri without post buffering. Slow upload could be rejected on post-unbuffered webservers *** 
detected max file descriptor number: 1024
lock engine: pthread robust mutexes
thunder lock: disabled (you can enable it with --thunder-lock)
uwsgi socket 0 bound to UNIX address /home/mohax/my_app/uwsgi.sock fd 3
Python version: 2.7.6 (default, Jun 22 2015, 18:01:27)  [GCC 4.8.2]
*** Python threads support is disabled. You can enable it with --enable-threads ***
Python main interpreter initialized at 0x1fdbca0
your server socket listen backlog is limited to 100 connections
your mercy for graceful operations on workers is 60 seconds
mapped 304296 bytes (297 KB) for 2 cores
*** Operational MODE: preforking ***
added /home/mohax/my_app/ to pythonpath.
ImportError: No module named wsgi
unable to load app 0 (mountpoint='') (callable not found or import error)
*** no app loaded. going in full dynamic mode ***
*** uWSGI is running in multiple interpreter mode ***
spawned uWSGI master process (pid: 9949)
spawned uWSGI worker 1 (pid: 9950, cores: 1)
spawned uWSGI worker 2 (pid: 9951, cores: 1)
--- no python application found, check your startup logs for errors ---
[pid: 9951|app: -1|req: -1/1] 172.16.7.99 () {38 vars in 606 bytes} [Tue Dec 29 21:33:57 2015] GET / => generated 21 bytes in 0 msecs (HTTP/1.1 500) 2 headers in 83 bytes (0 switches on core 0)
[uWSGI] parsing config file /home/mohax/my_app/uwsgi.xml
open("./python_plugin.so"): No such file or directory [core/utils.c line 3675]
!!! UNABLE to load uWSGI plugin: ./python_plugin.so: cannot open shared object file: No such file or directory !!!
*** Starting uWSGI 2.0.11.2 (64bit) on [Tue Dec 29 21:39:13 2015] ***
compiled with version: 4.8.4 on 29 December 2015 20:48:41
os: Linux-3.19.0-25-generic #26~14.04.1-Ubuntu SMP Fri Jul 24 21:16:20 UTC 2015
nodename: nginx2
machine: x86_64
clock source: unix
detected number of CPU cores: 1
current working directory: /home/mohax/my_app
detected binary path: /usr/local/bin/uwsgi
!!! no internal routing support, rebuild with pcre support !!!
your processes number limit is 1872
your memory page size is 4096 bytes
 *** WARNING: you have enabled harakiri without post buffering. Slow upload could be rejected on post-unbuffered webservers *** 
detected max file descriptor number: 1024
lock engine: pthread robust mutexes
thunder lock: disabled (you can enable it with --thunder-lock)
uwsgi socket 0 bound to UNIX address /home/mohax/my_app/uwsgi.sock fd 3
Python version: 2.7.6 (default, Jun 22 2015, 18:01:27)  [GCC 4.8.2]
*** Python threads support is disabled. You can enable it with --enable-threads ***
Python main interpreter initialized at 0x1287ce0
your server socket listen backlog is limited to 100 connections
your mercy for graceful operations on workers is 60 seconds
mapped 304296 bytes (297 KB) for 2 cores
*** Operational MODE: preforking ***
added /home/mohax/my_app/ to pythonpath.
ImportError: No module named wsgi
unable to load app 0 (mountpoint='') (callable not found or import error)
*** no app loaded. going in full dynamic mode ***
*** uWSGI is running in multiple interpreter mode ***
spawned uWSGI master process (pid: 9972)
spawned uWSGI worker 1 (pid: 9973, cores: 1)
spawned uWSGI worker 2 (pid: 9974, cores: 1)
--- no python application found, check your startup logs for errors ---
[pid: 9974|app: -1|req: -1/1] 172.16.7.99 () {38 vars in 606 bytes} [Tue Dec 29 21:39:35 2015] GET / => generated 21 bytes in 0 msecs (HTTP/1.1 500) 2 headers in 83 bytes (0 switches on core 0)
SIGINT/SIGQUIT received...killing workers...
worker 1 buried after 1 seconds
worker 2 buried after 1 seconds
goodbye to uWSGI.
[uWSGI] parsing config file /home/mohax/my_app/uwsgi.xml
open("./python_plugin.so"): No such file or directory [core/utils.c line 3675]
!!! UNABLE to load uWSGI plugin: ./python_plugin.so: cannot open shared object file: No such file or directory !!!
*** Starting uWSGI 2.0.11.2 (64bit) on [Tue Dec 29 21:41:41 2015] ***
compiled with version: 4.8.4 on 29 December 2015 20:48:41
os: Linux-3.19.0-25-generic #26~14.04.1-Ubuntu SMP Fri Jul 24 21:16:20 UTC 2015
nodename: nginx2
machine: x86_64
clock source: unix
detected number of CPU cores: 1
current working directory: /home/mohax/my_app
detected binary path: /usr/local/bin/uwsgi
!!! no internal routing support, rebuild with pcre support !!!
your processes number limit is 1872
your memory page size is 4096 bytes
 *** WARNING: you have enabled harakiri without post buffering. Slow upload could be rejected on post-unbuffered webservers *** 
detected max file descriptor number: 1024
lock engine: pthread robust mutexes
thunder lock: disabled (you can enable it with --thunder-lock)
uwsgi socket 0 bound to UNIX address /home/mohax/my_app/uwsgi.sock fd 3
Python version: 2.7.6 (default, Jun 22 2015, 18:01:27)  [GCC 4.8.2]
*** Python threads support is disabled. You can enable it with --enable-threads ***
Python main interpreter initialized at 0x22a6ce0
your server socket listen backlog is limited to 100 connections
your mercy for graceful operations on workers is 60 seconds
mapped 304296 bytes (297 KB) for 2 cores
*** Operational MODE: preforking ***
added /home/mohax/my_app/ to pythonpath.
WSGI app 0 (mountpoint='') ready in 0 seconds on interpreter 0x22a6ce0 pid: 10006 (default app)
*** uWSGI is running in multiple interpreter mode ***
spawned uWSGI master process (pid: 10006)
spawned uWSGI worker 1 (pid: 10007, cores: 1)
spawned uWSGI worker 2 (pid: 10008, cores: 1)
[pid: 10008|app: 0|req: 1/1] 172.16.7.99 () {40 vars in 637 bytes} [Tue Dec 29 21:41:44 2015] GET / => generated 11 bytes in 0 msecs (HTTP/1.1 200) 1 headers in 44 bytes (1 switches on core 0)
[pid: 10007|app: 0|req: 1/2] 172.16.7.99 () {40 vars in 645 bytes} [Tue Dec 29 21:45:58 2015] GET /img/ => generated 11 bytes in 0 msecs (HTTP/1.1 200) 1 headers in 44 bytes (1 switches on core 0)
SIGINT/SIGQUIT received...killing workers...
worker 1 buried after 1 seconds
worker 2 buried after 1 seconds
goodbye to uWSGI.
[uWSGI] parsing config file /home/mohax/my_app/uwsgi.xml
open("./python_plugin.so"): No such file or directory [core/utils.c line 3675]
!!! UNABLE to load uWSGI plugin: ./python_plugin.so: cannot open shared object file: No such file or directory !!!
*** Starting uWSGI 2.0.11.2 (64bit) on [Tue Dec 29 21:46:49 2015] ***
compiled with version: 4.8.4 on 29 December 2015 20:48:41
os: Linux-3.19.0-25-generic #26~14.04.1-Ubuntu SMP Fri Jul 24 21:16:20 UTC 2015
nodename: nginx2
machine: x86_64
clock source: unix
detected number of CPU cores: 1
current working directory: /home/mohax/my_app
detected binary path: /usr/local/bin/uwsgi
!!! no internal routing support, rebuild with pcre support !!!
your processes number limit is 1872
your memory page size is 4096 bytes
 *** WARNING: you have enabled harakiri without post buffering. Slow upload could be rejected on post-unbuffered webservers *** 
detected max file descriptor number: 1024
lock engine: pthread robust mutexes
thunder lock: disabled (you can enable it with --thunder-lock)
uwsgi socket 0 bound to UNIX address /home/mohax/my_app/uwsgi.sock fd 3
Python version: 2.7.6 (default, Jun 22 2015, 18:01:27)  [GCC 4.8.2]
*** Python threads support is disabled. You can enable it with --enable-threads ***
Python main interpreter initialized at 0x189acc0
your server socket listen backlog is limited to 100 connections
your mercy for graceful operations on workers is 60 seconds
mapped 304296 bytes (297 KB) for 2 cores
*** Operational MODE: preforking ***
added /home/mohax/my_app/ to pythonpath.
WSGI app 0 (mountpoint='') ready in 0 seconds on interpreter 0x189acc0 pid: 10106 (default app)
*** uWSGI is running in multiple interpreter mode ***
spawned uWSGI master process (pid: 10106)
spawned uWSGI worker 1 (pid: 10107, cores: 1)
spawned uWSGI worker 2 (pid: 10108, cores: 1)
SIGINT/SIGQUIT received...killing workers...
worker 1 buried after 1 seconds
worker 2 buried after 1 seconds
goodbye to uWSGI.
[uWSGI] parsing config file /home/mohax/my_app/uwsgi.xml
open("./python_plugin.so"): No such file or directory [core/utils.c line 3675]
!!! UNABLE to load uWSGI plugin: ./python_plugin.so: cannot open shared object file: No such file or directory !!!
*** Starting uWSGI 2.0.11.2 (64bit) on [Tue Dec 29 21:47:42 2015] ***
compiled with version: 4.8.4 on 29 December 2015 20:48:41
os: Linux-3.19.0-25-generic #26~14.04.1-Ubuntu SMP Fri Jul 24 21:16:20 UTC 2015
nodename: nginx2
machine: x86_64
clock source: unix
detected number of CPU cores: 1
current working directory: /home/mohax/my_app
detected binary path: /usr/local/bin/uwsgi
!!! no internal routing support, rebuild with pcre support !!!
your processes number limit is 1872
your memory page size is 4096 bytes
 *** WARNING: you have enabled harakiri without post buffering. Slow upload could be rejected on post-unbuffered webservers *** 
detected max file descriptor number: 1024
lock engine: pthread robust mutexes
thunder lock: disabled (you can enable it with --thunder-lock)
uwsgi socket 0 bound to UNIX address /home/mohax/my_app/uwsgi.sock fd 3
Python version: 2.7.6 (default, Jun 22 2015, 18:01:27)  [GCC 4.8.2]
*** Python threads support is disabled. You can enable it with --enable-threads ***
Python main interpreter initialized at 0x21cdcc0
your server socket listen backlog is limited to 100 connections
your mercy for graceful operations on workers is 60 seconds
mapped 304296 bytes (297 KB) for 2 cores
*** Operational MODE: preforking ***
added /home/mohax/my_app/ to pythonpath.
WSGI app 0 (mountpoint='') ready in 0 seconds on interpreter 0x21cdcc0 pid: 10124 (default app)
*** uWSGI is running in multiple interpreter mode ***
spawned uWSGI master process (pid: 10124)
spawned uWSGI worker 1 (pid: 10125, cores: 1)
spawned uWSGI worker 2 (pid: 10126, cores: 1)
[pid: 10126|app: 0|req: 1/1] 172.16.7.99 () {38 vars in 606 bytes} [Tue Dec 29 21:47:52 2015] GET / => generated 11 bytes in 0 msecs (HTTP/1.1 200) 1 headers in 44 bytes (2 switches on core 0)
SIGINT/SIGQUIT received...killing workers...
worker 1 buried after 1 seconds
worker 2 buried after 1 seconds
goodbye to uWSGI.
[uWSGI] parsing config file /home/mohax/my_app/uwsgi.xml
open("./python_plugin.so"): No such file or directory [core/utils.c line 3675]
!!! UNABLE to load uWSGI plugin: ./python_plugin.so: cannot open shared object file: No such file or directory !!!
*** Starting uWSGI 2.0.11.2 (64bit) on [Tue Dec 29 21:48:42 2015] ***
compiled with version: 4.8.4 on 29 December 2015 20:48:41
os: Linux-3.19.0-25-generic #26~14.04.1-Ubuntu SMP Fri Jul 24 21:16:20 UTC 2015
nodename: nginx2
machine: x86_64
clock source: unix
detected number of CPU cores: 1
current working directory: /home/mohax/my_app
detected binary path: /usr/local/bin/uwsgi
!!! no internal routing support, rebuild with pcre support !!!
your processes number limit is 1872
your memory page size is 4096 bytes
 *** WARNING: you have enabled harakiri without post buffering. Slow upload could be rejected on post-unbuffered webservers *** 
detected max file descriptor number: 1024
lock engine: pthread robust mutexes
thunder lock: disabled (you can enable it with --thunder-lock)
uwsgi socket 0 bound to UNIX address /home/mohax/my_app/uwsgi.sock fd 3
Python version: 2.7.6 (default, Jun 22 2015, 18:01:27)  [GCC 4.8.2]
*** Python threads support is disabled. You can enable it with --enable-threads ***
Python main interpreter initialized at 0xad8cc0
your server socket listen backlog is limited to 100 connections
your mercy for graceful operations on workers is 60 seconds
mapped 304296 bytes (297 KB) for 2 cores
*** Operational MODE: preforking ***
added /home/mohax/my_app/ to pythonpath.
WSGI app 0 (mountpoint='') ready in 0 seconds on interpreter 0xad8cc0 pid: 10179 (default app)
*** uWSGI is running in multiple interpreter mode ***
spawned uWSGI master process (pid: 10179)
spawned uWSGI worker 1 (pid: 10180, cores: 1)
spawned uWSGI worker 2 (pid: 10181, cores: 1)
[pid: 10181|app: 0|req: 1/1] 172.16.7.99 () {40 vars in 637 bytes} [Tue Dec 29 21:48:54 2015] GET / => generated 11 bytes in 0 msecs (HTTP/1.1 200) 1 headers in 44 bytes (1 switches on core 0)
SIGINT/SIGQUIT received...killing workers...
worker 1 buried after 1 seconds
worker 2 buried after 1 seconds
goodbye to uWSGI.
[uWSGI] parsing config file /home/mohax/my_app/uwsgi.xml
open("./python_plugin.so"): No such file or directory [core/utils.c line 3675]
!!! UNABLE to load uWSGI plugin: ./python_plugin.so: cannot open shared object file: No such file or directory !!!
*** Starting uWSGI 2.0.11.2 (64bit) on [Tue Dec 29 21:49:45 2015] ***
compiled with version: 4.8.4 on 29 December 2015 20:48:41
os: Linux-3.19.0-25-generic #26~14.04.1-Ubuntu SMP Fri Jul 24 21:16:20 UTC 2015
nodename: nginx2
machine: x86_64
clock source: unix
detected number of CPU cores: 1
current working directory: /home/mohax/my_app
detected binary path: /usr/local/bin/uwsgi
!!! no internal routing support, rebuild with pcre support !!!
your processes number limit is 1872
your memory page size is 4096 bytes
 *** WARNING: you have enabled harakiri without post buffering. Slow upload could be rejected on post-unbuffered webservers *** 
detected max file descriptor number: 1024
lock engine: pthread robust mutexes
thunder lock: disabled (you can enable it with --thunder-lock)
error removing unix socket, unlink(): Permission denied [core/socket.c line 198]
bind(): Address already in use [core/socket.c line 230]
[uWSGI] parsing config file /home/mohax/my_app/uwsgi.xml
open("./python_plugin.so"): No such file or directory [core/utils.c line 3675]
!!! UNABLE to load uWSGI plugin: ./python_plugin.so: cannot open shared object file: No such file or directory !!!
*** Starting uWSGI 2.0.11.2 (64bit) on [Tue Dec 29 21:49:46 2015] ***
compiled with version: 4.8.4 on 29 December 2015 20:48:41
os: Linux-3.19.0-25-generic #26~14.04.1-Ubuntu SMP Fri Jul 24 21:16:20 UTC 2015
nodename: nginx2
machine: x86_64
clock source: unix
detected number of CPU cores: 1
current working directory: /home/mohax/my_app
detected binary path: /usr/local/bin/uwsgi
!!! no internal routing support, rebuild with pcre support !!!
your processes number limit is 1872
your memory page size is 4096 bytes
 *** WARNING: you have enabled harakiri without post buffering. Slow upload could be rejected on post-unbuffered webservers *** 
detected max file descriptor number: 1024
lock engine: pthread robust mutexes
thunder lock: disabled (you can enable it with --thunder-lock)
error removing unix socket, unlink(): Permission denied [core/socket.c line 198]
bind(): Address already in use [core/socket.c line 230]
[uWSGI] parsing config file /home/mohax/my_app/uwsgi.xml
open("./python_plugin.so"): No such file or directory [core/utils.c line 3675]
!!! UNABLE to load uWSGI plugin: ./python_plugin.so: cannot open shared object file: No such file or directory !!!
*** Starting uWSGI 2.0.11.2 (64bit) on [Tue Dec 29 21:49:48 2015] ***
compiled with version: 4.8.4 on 29 December 2015 20:48:41
os: Linux-3.19.0-25-generic #26~14.04.1-Ubuntu SMP Fri Jul 24 21:16:20 UTC 2015
nodename: nginx2
machine: x86_64
clock source: unix
detected number of CPU cores: 1
current working directory: /home/mohax/my_app
detected binary path: /usr/local/bin/uwsgi
!!! no internal routing support, rebuild with pcre support !!!
your processes number limit is 1872
your memory page size is 4096 bytes
 *** WARNING: you have enabled harakiri without post buffering. Slow upload could be rejected on post-unbuffered webservers *** 
detected max file descriptor number: 1024
lock engine: pthread robust mutexes
thunder lock: disabled (you can enable it with --thunder-lock)
error removing unix socket, unlink(): Permission denied [core/socket.c line 198]
bind(): Address already in use [core/socket.c line 230]
[uWSGI] parsing config file /home/mohax/my_app/uwsgi.xml
open("./python_plugin.so"): No such file or directory [core/utils.c line 3675]
!!! UNABLE to load uWSGI plugin: ./python_plugin.so: cannot open shared object file: No such file or directory !!!
*** Starting uWSGI 2.0.11.2 (64bit) on [Tue Dec 29 21:49:51 2015] ***
compiled with version: 4.8.4 on 29 December 2015 20:48:41
os: Linux-3.19.0-25-generic #26~14.04.1-Ubuntu SMP Fri Jul 24 21:16:20 UTC 2015
nodename: nginx2
machine: x86_64
clock source: unix
detected number of CPU cores: 1
current working directory: /home/mohax/my_app
detected binary path: /usr/local/bin/uwsgi
!!! no internal routing support, rebuild with pcre support !!!
your processes number limit is 1872
your memory page size is 4096 bytes
 *** WARNING: you have enabled harakiri without post buffering. Slow upload could be rejected on post-unbuffered webservers *** 
detected max file descriptor number: 1024
lock engine: pthread robust mutexes
thunder lock: disabled (you can enable it with --thunder-lock)
error removing unix socket, unlink(): Permission denied [core/socket.c line 198]
bind(): Address already in use [core/socket.c line 230]
[uWSGI] parsing config file /home/mohax/my_app/uwsgi.xml
open("./python_plugin.so"): No such file or directory [core/utils.c line 3675]
!!! UNABLE to load uWSGI plugin: ./python_plugin.so: cannot open shared object file: No such file or directory !!!
*** Starting uWSGI 2.0.11.2 (64bit) on [Tue Dec 29 21:50:55 2015] ***
compiled with version: 4.8.4 on 29 December 2015 20:48:41
os: Linux-3.19.0-25-generic #26~14.04.1-Ubuntu SMP Fri Jul 24 21:16:20 UTC 2015
nodename: nginx2
machine: x86_64
clock source: unix
detected number of CPU cores: 1
current working directory: /home/mohax/my_app
detected binary path: /usr/local/bin/uwsgi
!!! no internal routing support, rebuild with pcre support !!!
your processes number limit is 1872
your memory page size is 4096 bytes
 *** WARNING: you have enabled harakiri without post buffering. Slow upload could be rejected on post-unbuffered webservers *** 
detected max file descriptor number: 1024
lock engine: pthread robust mutexes
thunder lock: disabled (you can enable it with --thunder-lock)
error removing unix socket, unlink(): Permission denied [core/socket.c line 198]
bind(): Address already in use [core/socket.c line 230]
[uWSGI] parsing config file /home/mohax/my_app/uwsgi.xml
open("./python_plugin.so"): No such file or directory [core/utils.c line 3675]
!!! UNABLE to load uWSGI plugin: ./python_plugin.so: cannot open shared object file: No such file or directory !!!
*** Starting uWSGI 2.0.11.2 (64bit) on [Tue Dec 29 21:50:56 2015] ***
compiled with version: 4.8.4 on 29 December 2015 20:48:41
os: Linux-3.19.0-25-generic #26~14.04.1-Ubuntu SMP Fri Jul 24 21:16:20 UTC 2015
nodename: nginx2
machine: x86_64
clock source: unix
detected number of CPU cores: 1
current working directory: /home/mohax/my_app
detected binary path: /usr/local/bin/uwsgi
!!! no internal routing support, rebuild with pcre support !!!
your processes number limit is 1872
your memory page size is 4096 bytes
 *** WARNING: you have enabled harakiri without post buffering. Slow upload could be rejected on post-unbuffered webservers *** 
detected max file descriptor number: 1024
lock engine: pthread robust mutexes
thunder lock: disabled (you can enable it with --thunder-lock)
error removing unix socket, unlink(): Permission denied [core/socket.c line 198]
bind(): Address already in use [core/socket.c line 230]
[uWSGI] parsing config file /home/mohax/my_app/uwsgi.xml
open("./python_plugin.so"): No such file or directory [core/utils.c line 3675]
!!! UNABLE to load uWSGI plugin: ./python_plugin.so: cannot open shared object file: No such file or directory !!!
*** Starting uWSGI 2.0.11.2 (64bit) on [Tue Dec 29 21:50:58 2015] ***
compiled with version: 4.8.4 on 29 December 2015 20:48:41
os: Linux-3.19.0-25-generic #26~14.04.1-Ubuntu SMP Fri Jul 24 21:16:20 UTC 2015
nodename: nginx2
machine: x86_64
clock source: unix
detected number of CPU cores: 1
current working directory: /home/mohax/my_app
detected binary path: /usr/local/bin/uwsgi
!!! no internal routing support, rebuild with pcre support !!!
your processes number limit is 1872
your memory page size is 4096 bytes
 *** WARNING: you have enabled harakiri without post buffering. Slow upload could be rejected on post-unbuffered webservers *** 
detected max file descriptor number: 1024
lock engine: pthread robust mutexes
thunder lock: disabled (you can enable it with --thunder-lock)
error removing unix socket, unlink(): Permission denied [core/socket.c line 198]
bind(): Address already in use [core/socket.c line 230]
[uWSGI] parsing config file /home/mohax/my_app/uwsgi.xml
open("./python_plugin.so"): No such file or directory [core/utils.c line 3675]
!!! UNABLE to load uWSGI plugin: ./python_plugin.so: cannot open shared object file: No such file or directory !!!
*** Starting uWSGI 2.0.11.2 (64bit) on [Tue Dec 29 21:51:01 2015] ***
compiled with version: 4.8.4 on 29 December 2015 20:48:41
os: Linux-3.19.0-25-generic #26~14.04.1-Ubuntu SMP Fri Jul 24 21:16:20 UTC 2015
nodename: nginx2
machine: x86_64
clock source: unix
detected number of CPU cores: 1
current working directory: /home/mohax/my_app
detected binary path: /usr/local/bin/uwsgi
!!! no internal routing support, rebuild with pcre support !!!
your processes number limit is 1872
your memory page size is 4096 bytes
 *** WARNING: you have enabled harakiri without post buffering. Slow upload could be rejected on post-unbuffered webservers *** 
detected max file descriptor number: 1024
lock engine: pthread robust mutexes
thunder lock: disabled (you can enable it with --thunder-lock)
error removing unix socket, unlink(): Permission denied [core/socket.c line 198]
bind(): Address already in use [core/socket.c line 230]
[uWSGI] parsing config file /home/mohax/my_app/uwsgi.xml
open("./python_plugin.so"): No such file or directory [core/utils.c line 3675]
!!! UNABLE to load uWSGI plugin: ./python_plugin.so: cannot open shared object file: No such file or directory !!!
*** Starting uWSGI 2.0.11.2 (64bit) on [Tue Dec 29 21:51:43 2015] ***
compiled with version: 4.8.4 on 29 December 2015 20:48:41
os: Linux-3.19.0-25-generic #26~14.04.1-Ubuntu SMP Fri Jul 24 21:16:20 UTC 2015
nodename: nginx2
machine: x86_64
clock source: unix
detected number of CPU cores: 1
current working directory: /home/mohax/my_app
detected binary path: /usr/local/bin/uwsgi
!!! no internal routing support, rebuild with pcre support !!!
your processes number limit is 1872
your memory page size is 4096 bytes
 *** WARNING: you have enabled harakiri without post buffering. Slow upload could be rejected on post-unbuffered webservers *** 
detected max file descriptor number: 1024
lock engine: pthread robust mutexes
thunder lock: disabled (you can enable it with --thunder-lock)
uwsgi socket 0 bound to UNIX address /home/mohax/my_app/uwsgi.sock fd 3
Python version: 2.7.6 (default, Jun 22 2015, 18:01:27)  [GCC 4.8.2]
*** Python threads support is disabled. You can enable it with --enable-threads ***
Python main interpreter initialized at 0x1c74cc0
your server socket listen backlog is limited to 100 connections
your mercy for graceful operations on workers is 60 seconds
mapped 304296 bytes (297 KB) for 2 cores
*** Operational MODE: preforking ***
added /home/mohax/my_app/ to pythonpath.
WSGI app 0 (mountpoint='') ready in 0 seconds on interpreter 0x1c74cc0 pid: 10337 (default app)
*** uWSGI is running in multiple interpreter mode ***
spawned uWSGI master process (pid: 10337)
spawned uWSGI worker 1 (pid: 10338, cores: 1)
spawned uWSGI worker 2 (pid: 10339, cores: 1)
[pid: 10339|app: 0|req: 1/1] 172.16.7.99 () {40 vars in 637 bytes} [Tue Dec 29 21:51:47 2015] GET / => generated 11 bytes in 0 msecs (HTTP/1.1 200) 1 headers in 44 bytes (2 switches on core 0)
                                                                                                                                                              [uWSGI] parsing config file /home/mohax/my_app/uwsgi.xml
open("./python_plugin.so"): No such file or directory [core/utils.c line 3675]
!!! UNABLE to load uWSGI plugin: ./python_plugin.so: cannot open shared object file: No such file or directory !!!
*** Starting uWSGI 2.0.11.2 (64bit) on [Wed Dec 30 14:42:25 2015] ***
compiled with version: 4.8.4 on 29 December 2015 20:48:41
os: Linux-3.19.0-25-generic #26~14.04.1-Ubuntu SMP Fri Jul 24 21:16:20 UTC 2015
nodename: nginx2
machine: x86_64
clock source: unix
detected number of CPU cores: 1
current working directory: /home/mohax/my_app
detected binary path: /usr/local/bin/uwsgi
!!! no internal routing support, rebuild with pcre support !!!
your processes number limit is 1872
your memory page size is 4096 bytes
 *** WARNING: you have enabled harakiri without post buffering. Slow upload could be rejected on post-unbuffered webservers *** 
detected max file descriptor number: 1024
lock engine: pthread robust mutexes
thunder lock: disabled (you can enable it with --thunder-lock)
uwsgi socket 0 bound to UNIX address /home/mohax/my_app/uwsgi.sock fd 3
Python version: 2.7.6 (default, Jun 22 2015, 18:01:27)  [GCC 4.8.2]
*** Python threads support is disabled. You can enable it with --enable-threads ***
Python main interpreter initialized at 0x12bfde0
your server socket listen backlog is limited to 100 connections
your mercy for graceful operations on workers is 60 seconds
mapped 304296 bytes (297 KB) for 2 cores
*** Operational MODE: preforking ***
added /home/mohax/my_app/ to pythonpath.
WSGI app 0 (mountpoint='') ready in 0 seconds on interpreter 0x12bfde0 pid: 883 (default app)
*** uWSGI is running in multiple interpreter mode ***
spawned uWSGI master process (pid: 883)
spawned uWSGI worker 1 (pid: 943, cores: 1)
spawned uWSGI worker 2 (pid: 944, cores: 1)
SIGINT/SIGQUIT received...killing workers...
worker 1 buried after 1 seconds
worker 2 buried after 1 seconds
goodbye to uWSGI.
[uWSGI] parsing config file /home/mohax/my_app/uwsgi.xml
open("./python_plugin.so"): No such file or directory [core/utils.c line 3675]
!!! UNABLE to load uWSGI plugin: ./python_plugin.so: cannot open shared object file: No such file or directory !!!
*** Starting uWSGI 2.0.11.2 (64bit) on [Wed Dec 30 15:29:31 2015] ***
compiled with version: 4.8.4 on 29 December 2015 20:48:41
os: Linux-3.19.0-25-generic #26~14.04.1-Ubuntu SMP Fri Jul 24 21:16:20 UTC 2015
nodename: nginx2
machine: x86_64
clock source: unix
detected number of CPU cores: 1
current working directory: /home/mohax/my_app
detected binary path: /usr/local/bin/uwsgi
!!! no internal routing support, rebuild with pcre support !!!
your processes number limit is 1872
your memory page size is 4096 bytes
 *** WARNING: you have enabled harakiri without post buffering. Slow upload could be rejected on post-unbuffered webservers *** 
detected max file descriptor number: 1024
lock engine: pthread robust mutexes
thunder lock: disabled (you can enable it with --thunder-lock)
uwsgi socket 0 bound to TCP address 127.0.0.1:8282  fd 3
Python version: 2.7.6 (default, Jun 22 2015, 18:01:27)  [GCC 4.8.2]
*** Python threads support is disabled. You can enable it with --enable-threads ***
Python main interpreter initialized at 0x1df0c70
your server socket listen backlog is limited to 100 connections
your mercy for graceful operations on workers is 60 seconds
mapped 304296 bytes (297 KB) for 2 cores
*** Operational MODE: preforking ***
added /home/mohax/my_app/ to pythonpath.
WSGI app 0 (mountpoint='') ready in 0 seconds on interpreter 0x1df0c70 pid: 1404 (default app)
*** uWSGI is running in multiple interpreter mode ***
spawned uWSGI master process (pid: 1404)
spawned uWSGI worker 1 (pid: 1405, cores: 1)
spawned uWSGI worker 2 (pid: 1406, cores: 1)
[pid: 1406|app: 0|req: 1/1] 172.16.7.99 () {38 vars in 606 bytes} [Wed Dec 30 15:29:54 2015] GET / => generated 11 bytes in 0 msecs (HTTP/1.1 200) 1 headers in 44 bytes (1 switches on core 0)
[pid: 1406|app: 0|req: 2/2] 172.16.7.99 () {38 vars in 598 bytes} [Wed Dec 30 15:29:54 2015] GET /favicon.ico => generated 11 bytes in 0 msecs (HTTP/1.1 200) 1 headers in 44 bytes (1 switches on core 0)
[pid: 1406|app: 0|req: 3/3] 172.16.7.99 () {38 vars in 628 bytes} [Wed Dec 30 15:29:54 2015] GET /favicon.ico => generated 11 bytes in 0 msecs (HTTP/1.1 200) 1 headers in 44 bytes (1 switches on core 0)
